{"total": {"lines":{"total":227,"covered":77,"skipped":0,"pct":33.92},"statements":{"total":227,"covered":77,"skipped":0,"pct":33.92},"functions":{"total":21,"covered":7,"skipped":0,"pct":33.33},"branches":{"total":15,"covered":8,"skipped":0,"pct":53.33},"branchesTrue":{"total":0,"covered":0,"skipped":0,"pct":100}}
,"/home/fmendez/Projects/react-typescript-spotify/commitlint.config.js": {"lines":{"total":1,"covered":0,"skipped":0,"pct":0},"functions":{"total":1,"covered":0,"skipped":0,"pct":0},"statements":{"total":1,"covered":0,"skipped":0,"pct":0},"branches":{"total":1,"covered":0,"skipped":0,"pct":0}}
,"/home/fmendez/Projects/react-typescript-spotify/tailwind.config.ts": {"lines":{"total":35,"covered":0,"skipped":0,"pct":0},"functions":{"total":1,"covered":0,"skipped":0,"pct":0},"statements":{"total":35,"covered":0,"skipped":0,"pct":0},"branches":{"total":1,"covered":0,"skipped":0,"pct":0}}
,"/home/fmendez/Projects/react-typescript-spotify/src/App.tsx": {"lines":{"total":7,"covered":7,"skipped":0,"pct":100},"functions":{"total":1,"covered":1,"skipped":0,"pct":100},"statements":{"total":7,"covered":7,"skipped":0,"pct":100},"branches":{"total":1,"covered":1,"skipped":0,"pct":100}}
,"/home/fmendez/Projects/react-typescript-spotify/src/main.tsx": {"lines":{"total":9,"covered":0,"skipped":0,"pct":0},"functions":{"total":1,"covered":0,"skipped":0,"pct":0},"statements":{"total":9,"covered":0,"skipped":0,"pct":0},"branches":{"total":1,"covered":0,"skipped":0,"pct":0}}
,"/home/fmendez/Projects/react-typescript-spotify/src/api/auth/hooks/useUserQuery.ts": {"lines":{"total":0,"covered":0,"skipped":0,"pct":100},"functions":{"total":1,"covered":1,"skipped":0,"pct":100},"statements":{"total":0,"covered":0,"skipped":0,"pct":100},"branches":{"total":1,"covered":1,"skipped":0,"pct":100}}
,"/home/fmendez/Projects/react-typescript-spotify/src/api/auth/service/auth.service.ts": {"lines":{"total":67,"covered":10,"skipped":0,"pct":14.92},"functions":{"total":3,"covered":1,"skipped":0,"pct":33.33},"statements":{"total":67,"covered":10,"skipped":0,"pct":14.92},"branches":{"total":2,"covered":1,"skipped":0,"pct":50}}
,"/home/fmendez/Projects/react-typescript-spotify/src/axios/createBaseAxiosInstance.ts": {"lines":{"total":10,"covered":0,"skipped":0,"pct":0},"functions":{"total":1,"covered":0,"skipped":0,"pct":0},"statements":{"total":10,"covered":0,"skipped":0,"pct":0},"branches":{"total":1,"covered":0,"skipped":0,"pct":0}}
,"/home/fmendez/Projects/react-typescript-spotify/src/axios/index.ts": {"lines":{"total":7,"covered":0,"skipped":0,"pct":0},"functions":{"total":1,"covered":0,"skipped":0,"pct":0},"statements":{"total":7,"covered":0,"skipped":0,"pct":0},"branches":{"total":1,"covered":0,"skipped":0,"pct":0}}
,"/home/fmendez/Projects/react-typescript-spotify/src/components/Auth.tsx": {"lines":{"total":51,"covered":25,"skipped":0,"pct":49.01},"functions":{"total":8,"covered":2,"skipped":0,"pct":25},"statements":{"total":51,"covered":25,"skipped":0,"pct":49.01},"branches":{"total":4,"covered":3,"skipped":0,"pct":75}}
,"/home/fmendez/Projects/react-typescript-spotify/src/data-objects/interface/index.ts": {"lines":{"total":0,"covered":0,"skipped":0,"pct":100},"functions":{"total":1,"covered":1,"skipped":0,"pct":100},"statements":{"total":0,"covered":0,"skipped":0,"pct":100},"branches":{"total":1,"covered":1,"skipped":0,"pct":100}}
,"/home/fmendez/Projects/react-typescript-spotify/src/pages/Callback.tsx": {"lines":{"total":7,"covered":2,"skipped":0,"pct":28.57},"functions":{"total":1,"covered":0,"skipped":0,"pct":0},"statements":{"total":7,"covered":2,"skipped":0,"pct":28.57},"branches":{"total":0,"covered":0,"skipped":0,"pct":100}}
,"/home/fmendez/Projects/react-typescript-spotify/src/pages/Dashboard.tsx": {"lines":{"total":20,"covered":20,"skipped":0,"pct":100},"functions":{"total":1,"covered":1,"skipped":0,"pct":100},"statements":{"total":20,"covered":20,"skipped":0,"pct":100},"branches":{"total":1,"covered":1,"skipped":0,"pct":100}}
,"/home/fmendez/Projects/react-typescript-spotify/src/routes/index.tsx": {"lines":{"total":13,"covered":13,"skipped":0,"pct":100},"functions":{"total":0,"covered":0,"skipped":0,"pct":100},"statements":{"total":13,"covered":13,"skipped":0,"pct":100},"branches":{"total":0,"covered":0,"skipped":0,"pct":100}}
}
